#
# There is insufficient memory for the Java Runtime Environment to continue.
# Native memory allocation (mmap) failed to map 379584512 bytes for G1 virtual space
# Possible reasons:
#   The system is out of physical RAM or swap space
#   The process is running with CompressedOops enabled, and the Java Heap may be blocking the growth of the native heap
# Possible solutions:
#   Reduce memory load on the system
#   Increase physical memory or swap space
#   Check if swap backing store is full
#   Decrease Java heap size (-Xmx/-Xms)
#   Decrease number of Java threads
#   Decrease Java thread stack sizes (-Xss)
#   Set larger code cache with -XX:ReservedCodeCacheSize=
#   JVM is running with Unscaled Compressed Oops mode in which the Java heap is
#     placed in the first 4GB address space. The Java Heap base address is the
#     maximum limit for the native heap growth. Please use -XX:HeapBaseMinAddress
#     to set the Java Heap base and to place the Java Heap above 4GB virtual address.
# This output file may be truncated or incomplete.
#
#  Out of Memory Error (os_windows.cpp:3548), pid=6392, tid=6500
#
# JRE version: OpenJDK Runtime Environment Temurin-17.0.5+8 (17.0.5+8) (build 17.0.5+8)
# Java VM: OpenJDK 64-Bit Server VM Temurin-17.0.5+8 (17.0.5+8, mixed mode, tiered, compressed oops, compressed class ptrs, g1 gc, windows-amd64)
# No core dump will be written. Minidumps are not enabled by default on client versions of Windows
#

---------------  S U M M A R Y ------------

Command Line: -Dmaven.home=EMBEDDED -Dclassworlds.conf=C:\temp\ws-eclipse\.metadata\.plugins\org.eclipse.m2e.launching\launches\m2conf756646159928030505.tmp -Dmaven.multiModuleProjectDirectory=C:\Users\Snowr\desafio-back -Dm2e.build.project.data.socket.port=57066 -Dfile.encoding=UTF-8 -XX:+ShowCodeDetailsInExceptionMessages org.codehaus.plexus.classworlds.launcher.Launcher -B -Dstyle.color=always compile quarkus:dev

Host: 11th Gen Intel(R) Core(TM) i5-11300H @ 3.10GHz, 8 cores, 7G,  Windows 11 , 64 bit Build 22621 (10.0.22621.1105)
Time: Sun Feb 26 16:28:08 2023 Hora oficial do Brasil elapsed time: 4.567192 seconds (0d 0h 0m 4s)

---------------  T H R E A D  ---------------

Current thread (0x0000020337d59a10):  VMThread "VM Thread" [stack: 0x0000009371a00000,0x0000009371b00000] [id=6500]

Stack: [0x0000009371a00000,0x0000009371b00000]
Native frames: (J=compiled Java code, j=interpreted, Vv=VM code, C=native code)
V  [jvm.dll+0x676b3a]
V  [jvm.dll+0x831444]
V  [jvm.dll+0x832bee]
V  [jvm.dll+0x833253]
V  [jvm.dll+0x244ce5]
V  [jvm.dll+0x673a49]
V  [jvm.dll+0x66811a]
V  [jvm.dll+0x303ceb]
V  [jvm.dll+0x30b1e6]
V  [jvm.dll+0x35adbe]
V  [jvm.dll+0x35afef]
V  [jvm.dll+0x2dab88]
V  [jvm.dll+0x2d8e3c]
V  [jvm.dll+0x2d840c]
V  [jvm.dll+0x31c31b]
V  [jvm.dll+0x8376fb]
V  [jvm.dll+0x838434]
V  [jvm.dll+0x83894c]
V  [jvm.dll+0x838d24]
V  [jvm.dll+0x838df0]
V  [jvm.dll+0x7e17ea]
V  [jvm.dll+0x6759e5]
C  [ucrtbase.dll+0x29363]
C  [KERNEL32.DLL+0x126bd]
C  [ntdll.dll+0x5dfb8]

VM_Operation (0x00000093714fbae0): G1CollectForAllocation, mode: safepoint, requested by thread 0x000002031dedc5b0


---------------  P R O C E S S  ---------------

Threads class SMR info:
_java_thread_list=0x0000020338e552a0, length=13, elements={
0x000002031dedc5b0, 0x0000020338814270, 0x00000203388152d0, 0x0000020337d6a950,
0x0000020337d6b210, 0x0000020337d6c270, 0x0000020337d6cb30, 0x0000020337d71730,
0x0000020338843460, 0x0000020338851d70, 0x00000203389b98e0, 0x00000203389d81c0,
0x00000203389cfb20
}

Java Threads: ( => current thread )
  0x000002031dedc5b0 JavaThread "main" [_thread_blocked, id=19188, stack(0x0000009371400000,0x0000009371500000)]
  0x0000020338814270 JavaThread "Reference Handler" daemon [_thread_blocked, id=18604, stack(0x0000009371b00000,0x0000009371c00000)]
  0x00000203388152d0 JavaThread "Finalizer" daemon [_thread_blocked, id=10408, stack(0x0000009371c00000,0x0000009371d00000)]
  0x0000020337d6a950 JavaThread "Signal Dispatcher" daemon [_thread_blocked, id=18588, stack(0x0000009371d00000,0x0000009371e00000)]
  0x0000020337d6b210 JavaThread "Attach Listener" daemon [_thread_blocked, id=19356, stack(0x0000009371e00000,0x0000009371f00000)]
  0x0000020337d6c270 JavaThread "Service Thread" daemon [_thread_blocked, id=16932, stack(0x0000009371f00000,0x0000009372000000)]
  0x0000020337d6cb30 JavaThread "Monitor Deflation Thread" daemon [_thread_blocked, id=14364, stack(0x0000009372000000,0x0000009372100000)]
  0x0000020337d71730 JavaThread "C2 CompilerThread0" daemon [_thread_in_native, id=17652, stack(0x0000009372100000,0x0000009372200000)]
  0x0000020338843460 JavaThread "C1 CompilerThread0" daemon [_thread_blocked, id=6744, stack(0x0000009372200000,0x0000009372300000)]
  0x0000020338851d70 JavaThread "Sweeper thread" daemon [_thread_blocked, id=19160, stack(0x0000009372300000,0x0000009372400000)]
  0x00000203389b98e0 JavaThread "Notification Thread" daemon [_thread_blocked, id=19164, stack(0x0000009372400000,0x0000009372500000)]
  0x00000203389d81c0 JavaThread "Common-Cleaner" daemon [_thread_blocked, id=18704, stack(0x0000009372600000,0x0000009372700000)]
  0x00000203389cfb20 JavaThread "C2 CompilerThread1" daemon [_thread_blocked, id=19448, stack(0x0000009372700000,0x0000009372800000)]

Other Threads:
=>0x0000020337d59a10 VMThread "VM Thread" [stack: 0x0000009371a00000,0x0000009371b00000] [id=6500]
  0x000002031df4c260 WatcherThread [stack: 0x0000009372500000,0x0000009372600000] [id=5812]
  0x000002031df345c0 GCTaskThread "GC Thread#0" [stack: 0x0000009371500000,0x0000009371600000] [id=19192]
  0x0000020339f193d0 GCTaskThread "GC Thread#1" [stack: 0x0000009372800000,0x0000009372900000] [id=18524]
  0x0000020339f19680 GCTaskThread "GC Thread#2" [stack: 0x0000009372900000,0x0000009372a00000] [id=18844]
  0x0000020339f8e4a0 GCTaskThread "GC Thread#3" [stack: 0x0000009372a00000,0x0000009372b00000] [id=5448]
  0x0000020338fae3d0 GCTaskThread "GC Thread#4" [stack: 0x0000009372b00000,0x0000009372c00000] [id=19136]
  0x0000020338fae680 GCTaskThread "GC Thread#5" [stack: 0x0000009372c00000,0x0000009372d00000] [id=17288]
  0x0000020338fae930 GCTaskThread "GC Thread#6" [stack: 0x0000009372d00000,0x0000009372e00000] [id=18196]
  0x0000020338faf3f0 GCTaskThread "GC Thread#7" [stack: 0x0000009372e00000,0x0000009372f00000] [id=18916]
  0x000002031df44c50 ConcurrentGCThread "G1 Main Marker" [stack: 0x0000009371600000,0x0000009371700000] [id=19040]
  0x000002031df45de0 ConcurrentGCThread "G1 Conc#0" [stack: 0x0000009371700000,0x0000009371800000] [id=18168]
  0x000002033a15c300 ConcurrentGCThread "G1 Conc#1" [stack: 0x0000009372f00000,0x0000009373000000] [id=16968]
  0x0000020337bb24c0 ConcurrentGCThread "G1 Refine#0" [stack: 0x0000009371800000,0x0000009371900000] [id=10884]
  0x000002033c4b3830 ConcurrentGCThread "G1 Refine#1" [stack: 0x0000009373000000,0x0000009373100000] [id=18620]
  0x000002033c4b29d0 ConcurrentGCThread "G1 Refine#2" [stack: 0x0000009373100000,0x0000009373200000] [id=19396]
  0x000002033c4b4690 ConcurrentGCThread "G1 Refine#3" [stack: 0x0000009373200000,0x0000009373300000] [id=19272]
  0x000002033c4b3550 ConcurrentGCThread "G1 Refine#4" [stack: 0x0000009373300000,0x0000009373400000] [id=8460]
  0x000002033c4b2f90 ConcurrentGCThread "G1 Refine#5" [stack: 0x0000009373400000,0x0000009373500000] [id=15340]
  0x0000020337bb3ba0 ConcurrentGCThread "G1 Service" [stack: 0x0000009371900000,0x0000009371a00000] [id=18488]

Threads with active compile tasks:
C2 CompilerThread0     4585 6481   !   4       org.codehaus.plexus.interpolation.StringSearchInterpolator::interpolate (668 bytes)
C2 CompilerThread1     4585 6515       4       org.apache.maven.repository.internal.ArtifactDescriptorReaderDelegate::convert (205 bytes)

VM state: at safepoint (normal execution)

VM Mutex/Monitor currently owned by a thread:  ([mutex/lock_event])
[0x000002031deda530] Threads_lock - owner thread: 0x0000020337d59a10
[0x000002031dedb2b0] Heap_lock - owner thread: 0x000002031dedc5b0

Heap address: 0x0000000083600000, size: 1994 MB, Compressed Oops mode: 32-bit

CDS archive(s) not mapped
Compressed class space mapped at: 0x0000000100000000-0x0000000140000000, reserved size: 1073741824
Narrow klass base: 0x0000000000000000, Narrow klass shift: 3, Narrow klass range: 0x140000000

GC Precious Log:
 CPUs: 8 total, 8 available
 Memory: 7975M
 Large Page Support: Disabled
 NUMA Support: Disabled
 Compressed Oops: Enabled (32-bit)
 Heap Region Size: 1M
 Heap Min Capacity: 8M
 Heap Initial Capacity: 126M
 Heap Max Capacity: 1994M
 Pre-touch: Disabled
 Parallel Workers: 8
 Concurrent Workers: 2
 Concurrent Refinement Workers: 8
 Periodic GC: Disabled

Heap:
 garbage-first heap   total 273408K, used 169277K [0x0000000083600000, 0x0000000100000000)
  region size 1024K, 7 young (7168K), 7 survivors (7168K)
 Metaspace       used 31449K, committed 31744K, reserved 1081344K
  class space    used 3135K, committed 3264K, reserved 1048576K

Heap Regions: E=young(eden), S=young(survivor), O=old, HS=humongous(starts), HC=humongous(continues), CS=collection set, F=free, OA=open archive, CA=closed archive, TAMS=top-at-mark-start (previous, next)
|   0|0x0000000083600000, 0x0000000083700000, 0x0000000083700000|100%| O|  |TAMS 0x0000000083700000, 0x0000000083700000| Untracked 
|   1|0x0000000083700000, 0x0000000083800000, 0x0000000083800000|100%| O|  |TAMS 0x0000000083800000, 0x0000000083800000| Untracked 
|   2|0x0000000083800000, 0x0000000083900000, 0x0000000083900000|100%| O|  |TAMS 0x0000000083900000, 0x0000000083900000| Untracked 
|   3|0x0000000083900000, 0x0000000083a00000, 0x0000000083a00000|100%| O|  |TAMS 0x0000000083a00000, 0x0000000083a00000| Untracked 
|   4|0x0000000083a00000, 0x0000000083b00000, 0x0000000083b00000|100%| O|  |TAMS 0x0000000083b00000, 0x0000000083b00000| Untracked 
|   5|0x0000000083b00000, 0x0000000083c00000, 0x0000000083c00000|100%| O|  |TAMS 0x0000000083c00000, 0x0000000083c00000| Untracked 
|   6|0x0000000083c00000, 0x0000000083d00000, 0x0000000083d00000|100%| O|  |TAMS 0x0000000083d00000, 0x0000000083d00000| Untracked 
|   7|0x0000000083d00000, 0x0000000083e00000, 0x0000000083e00000|100%| O|  |TAMS 0x0000000083e00000, 0x0000000083e00000| Untracked 
|   8|0x0000000083e00000, 0x0000000083f00000, 0x0000000083f00000|100%| O|  |TAMS 0x0000000083f00000, 0x0000000083f00000| Untracked 
|   9|0x0000000083f00000, 0x0000000084000000, 0x0000000084000000|100%| O|  |TAMS 0x0000000084000000, 0x0000000084000000| Untracked 
|  10|0x0000000084000000, 0x0000000084100000, 0x0000000084100000|100%| O|  |TAMS 0x0000000084100000, 0x0000000084100000| Untracked 
|  11|0x0000000084100000, 0x0000000084200000, 0x0000000084200000|100%| O|  |TAMS 0x0000000084200000, 0x0000000084200000| Untracked 
|  12|0x0000000084200000, 0x0000000084300000, 0x0000000084300000|100%| O|  |TAMS 0x0000000084300000, 0x0000000084300000| Untracked 
|  13|0x0000000084300000, 0x0000000084400000, 0x0000000084400000|100%| O|  |TAMS 0x0000000084400000, 0x0000000084400000| Untracked 
|  14|0x0000000084400000, 0x0000000084500000, 0x0000000084500000|100%| O|  |TAMS 0x0000000084500000, 0x0000000084500000| Untracked 
|  15|0x0000000084500000, 0x0000000084600000, 0x0000000084600000|100%| O|  |TAMS 0x0000000084600000, 0x0000000084600000| Untracked 
|  16|0x0000000084600000, 0x0000000084700000, 0x0000000084700000|100%| O|  |TAMS 0x0000000084700000, 0x0000000084700000| Untracked 
|  17|0x0000000084700000, 0x0000000084800000, 0x0000000084800000|100%| O|  |TAMS 0x0000000084800000, 0x0000000084800000| Untracked 
|  18|0x0000000084800000, 0x0000000084900000, 0x0000000084900000|100%| O|  |TAMS 0x0000000084900000, 0x0000000084900000| Untracked 
|  19|0x0000000084900000, 0x0000000084a00000, 0x0000000084a00000|100%| O|  |TAMS 0x0000000084a00000, 0x0000000084a00000| Untracked 
|  20|0x0000000084a00000, 0x0000000084b00000, 0x0000000084b00000|100%| O|  |TAMS 0x0000000084b00000, 0x0000000084b00000| Untracked 
|  21|0x0000000084b00000, 0x0000000084c00000, 0x0000000084c00000|100%| O|  |TAMS 0x0000000084c00000, 0x0000000084c00000| Untracked 
|  22|0x0000000084c00000, 0x0000000084d00000, 0x0000000084d00000|100%| O|  |TAMS 0x0000000084d00000, 0x0000000084d00000| Untracked 
|  23|0x0000000084d00000, 0x0000000084e00000, 0x0000000084e00000|100%| O|  |TAMS 0x0000000084e00000, 0x0000000084e00000| Untracked 
|  24|0x0000000084e00000, 0x0000000084f00000, 0x0000000084f00000|100%| O|  |TAMS 0x0000000084f00000, 0x0000000084f00000| Untracked 
|  25|0x0000000084f00000, 0x0000000085000000, 0x0000000085000000|100%| O|  |TAMS 0x0000000085000000, 0x0000000085000000| Untracked 
|  26|0x0000000085000000, 0x0000000085100000, 0x0000000085100000|100%| O|  |TAMS 0x0000000085100000, 0x0000000085100000| Untracked 
|  27|0x0000000085100000, 0x0000000085200000, 0x0000000085200000|100%| O|  |TAMS 0x0000000085200000, 0x0000000085200000| Untracked 
|  28|0x0000000085200000, 0x0000000085300000, 0x0000000085300000|100%| O|  |TAMS 0x0000000085300000, 0x0000000085300000| Untracked 
|  29|0x0000000085300000, 0x0000000085400000, 0x0000000085400000|100%| O|  |TAMS 0x0000000085400000, 0x0000000085400000| Untracked 
|  30|0x0000000085400000, 0x0000000085500000, 0x0000000085500000|100%| O|  |TAMS 0x0000000085500000, 0x0000000085500000| Untracked 
|  31|0x0000000085500000, 0x0000000085600000, 0x0000000085600000|100%| O|  |TAMS 0x0000000085600000, 0x0000000085600000| Untracked 
|  32|0x0000000085600000, 0x0000000085700000, 0x0000000085700000|100%| O|  |TAMS 0x0000000085700000, 0x0000000085700000| Untracked 
|  33|0x0000000085700000, 0x0000000085800000, 0x0000000085800000|100%| O|  |TAMS 0x0000000085800000, 0x0000000085800000| Untracked 
|  34|0x0000000085800000, 0x0000000085900000, 0x0000000085900000|100%| O|  |TAMS 0x0000000085900000, 0x0000000085900000| Untracked 
|  35|0x0000000085900000, 0x0000000085a00000, 0x0000000085a00000|100%| O|  |TAMS 0x0000000085a00000, 0x0000000085a00000| Untracked 
|  36|0x0000000085a00000, 0x0000000085b00000, 0x0000000085b00000|100%| O|  |TAMS 0x0000000085b00000, 0x0000000085b00000| Untracked 
|  37|0x0000000085b00000, 0x0000000085c00000, 0x0000000085c00000|100%| O|  |TAMS 0x0000000085c00000, 0x0000000085c00000| Untracked 
|  38|0x0000000085c00000, 0x0000000085d00000, 0x0000000085d00000|100%| O|  |TAMS 0x0000000085d00000, 0x0000000085d00000| Untracked 
|  39|0x0000000085d00000, 0x0000000085e00000, 0x0000000085e00000|100%| O|  |TAMS 0x0000000085e00000, 0x0000000085e00000| Untracked 
|  40|0x0000000085e00000, 0x0000000085f00000, 0x0000000085f00000|100%| O|  |TAMS 0x0000000085f00000, 0x0000000085f00000| Untracked 
|  41|0x0000000085f00000, 0x0000000086000000, 0x0000000086000000|100%| O|  |TAMS 0x0000000086000000, 0x0000000086000000| Untracked 
|  42|0x0000000086000000, 0x0000000086100000, 0x0000000086100000|100%| O|  |TAMS 0x0000000086100000, 0x0000000086100000| Untracked 
|  43|0x0000000086100000, 0x0000000086200000, 0x0000000086200000|100%| O|  |TAMS 0x0000000086200000, 0x0000000086200000| Untracked 
|  44|0x0000000086200000, 0x0000000086300000, 0x0000000086300000|100%| O|  |TAMS 0x0000000086300000, 0x0000000086300000| Untracked 
|  45|0x0000000086300000, 0x0000000086400000, 0x0000000086400000|100%| O|  |TAMS 0x0000000086400000, 0x0000000086400000| Untracked 
|  46|0x0000000086400000, 0x0000000086500000, 0x0000000086500000|100%| O|  |TAMS 0x0000000086500000, 0x0000000086500000| Untracked 
|  47|0x0000000086500000, 0x0000000086600000, 0x0000000086600000|100%| O|  |TAMS 0x0000000086600000, 0x0000000086600000| Untracked 
|  48|0x0000000086600000, 0x0000000086700000, 0x0000000086700000|100%| O|  |TAMS 0x0000000086700000, 0x0000000086700000| Untracked 
|  49|0x0000000086700000, 0x0000000086800000, 0x0000000086800000|100%| O|  |TAMS 0x0000000086700000, 0x0000000086800000| Untracked 
|  50|0x0000000086800000, 0x0000000086900000, 0x0000000086900000|100%| O|  |TAMS 0x0000000086900000, 0x0000000086900000| Untracked 
|  51|0x0000000086900000, 0x0000000086a00000, 0x0000000086a00000|100%| O|  |TAMS 0x0000000086a00000, 0x0000000086a00000| Untracked 
|  52|0x0000000086a00000, 0x0000000086b00000, 0x0000000086b00000|100%| O|  |TAMS 0x0000000086b00000, 0x0000000086b00000| Untracked 
|  53|0x0000000086b00000, 0x0000000086c00000, 0x0000000086c00000|100%| O|  |TAMS 0x0000000086c00000, 0x0000000086c00000| Untracked 
|  54|0x0000000086c00000, 0x0000000086d00000, 0x0000000086d00000|100%| O|  |TAMS 0x0000000086d00000, 0x0000000086d00000| Untracked 
|  55|0x0000000086d00000, 0x0000000086e00000, 0x0000000086e00000|100%| O|  |TAMS 0x0000000086e00000, 0x0000000086e00000| Untracked 
|  56|0x0000000086e00000, 0x0000000086f00000, 0x0000000086f00000|100%| O|  |TAMS 0x0000000086e00000, 0x0000000086f00000| Untracked 
|  57|0x0000000086f00000, 0x0000000087000000, 0x0000000087000000|100%| O|  |TAMS 0x0000000087000000, 0x0000000087000000| Untracked 
|  58|0x0000000087000000, 0x0000000087100000, 0x0000000087100000|100%| O|  |TAMS 0x0000000087100000, 0x0000000087100000| Untracked 
|  59|0x0000000087100000, 0x0000000087200000, 0x0000000087200000|100%| O|  |TAMS 0x0000000087200000, 0x0000000087200000| Untracked 
|  60|0x0000000087200000, 0x0000000087300000, 0x0000000087300000|100%| O|  |TAMS 0x0000000087300000, 0x0000000087300000| Untracked 
|  61|0x0000000087300000, 0x0000000087400000, 0x0000000087400000|100%| O|  |TAMS 0x0000000087400000, 0x0000000087400000| Untracked 
|  62|0x0000000087400000, 0x0000000087500000, 0x0000000087500000|100%| O|  |TAMS 0x0000000087500000, 0x0000000087500000| Untracked 
|  63|0x0000000087500000, 0x0000000087600000, 0x0000000087600000|100%| O|  |TAMS 0x0000000087600000, 0x0000000087600000| Untracked 
|  64|0x0000000087600000, 0x0000000087700000, 0x0000000087700000|100%| O|  |TAMS 0x0000000087700000, 0x0000000087700000| Untracked 
|  65|0x0000000087700000, 0x0000000087800000, 0x0000000087800000|100%| O|  |TAMS 0x0000000087800000, 0x0000000087800000| Untracked 
|  66|0x0000000087800000, 0x0000000087900000, 0x0000000087900000|100%| O|  |TAMS 0x0000000087900000, 0x0000000087900000| Untracked 
|  67|0x0000000087900000, 0x0000000087a00000, 0x0000000087a00000|100%|HS|  |TAMS 0x0000000087a00000, 0x0000000087a00000| Complete 
|  68|0x0000000087a00000, 0x0000000087b00000, 0x0000000087b00000|100%|HS|  |TAMS 0x0000000087b00000, 0x0000000087b00000| Complete 
|  69|0x0000000087b00000, 0x0000000087c00000, 0x0000000087c00000|100%|HC|  |TAMS 0x0000000087c00000, 0x0000000087c00000| Complete 
|  70|0x0000000087c00000, 0x0000000087d00000, 0x0000000087d00000|100%| O|  |TAMS 0x0000000087d00000, 0x0000000087d00000| Untracked 
|  71|0x0000000087d00000, 0x0000000087e00000, 0x0000000087e00000|100%| O|  |TAMS 0x0000000087e00000, 0x0000000087e00000| Untracked 
|  72|0x0000000087e00000, 0x0000000087f00000, 0x0000000087f00000|100%| O|  |TAMS 0x0000000087f00000, 0x0000000087f00000| Untracked 
|  73|0x0000000087f00000, 0x0000000088000000, 0x0000000088000000|100%| O|  |TAMS 0x0000000088000000, 0x0000000088000000| Untracked 
|  74|0x0000000088000000, 0x0000000088100000, 0x0000000088100000|100%| O|  |TAMS 0x0000000088100000, 0x0000000088100000| Untracked 
|  75|0x0000000088100000, 0x0000000088200000, 0x0000000088200000|100%| O|  |TAMS 0x0000000088200000, 0x0000000088200000| Untracked 
|  76|0x0000000088200000, 0x0000000088300000, 0x0000000088300000|100%| O|  |TAMS 0x0000000088300000, 0x0000000088300000| Untracked 
|  77|0x0000000088300000, 0x0000000088400000, 0x0000000088400000|100%| O|  |TAMS 0x0000000088400000, 0x0000000088400000| Untracked 
|  78|0x0000000088400000, 0x0000000088500000, 0x0000000088500000|100%| O|  |TAMS 0x0000000088500000, 0x0000000088500000| Untracked 
|  79|0x0000000088500000, 0x0000000088600000, 0x0000000088600000|100%| O|  |TAMS 0x0000000088600000, 0x0000000088600000| Untracked 
|  80|0x0000000088600000, 0x0000000088700000, 0x0000000088700000|100%| O|  |TAMS 0x0000000088700000, 0x0000000088700000| Untracked 
|  81|0x0000000088700000, 0x0000000088800000, 0x0000000088800000|100%| O|  |TAMS 0x0000000088800000, 0x0000000088800000| Untracked 
|  82|0x0000000088800000, 0x0000000088900000, 0x0000000088900000|100%| O|  |TAMS 0x0000000088900000, 0x0000000088900000| Untracked 
|  83|0x0000000088900000, 0x0000000088a00000, 0x0000000088a00000|100%| O|  |TAMS 0x0000000088a00000, 0x0000000088a00000| Untracked 
|  84|0x0000000088a00000, 0x0000000088b00000, 0x0000000088b00000|100%| O|  |TAMS 0x0000000088b00000, 0x0000000088b00000| Untracked 
|  85|0x0000000088b00000, 0x0000000088c00000, 0x0000000088c00000|100%| O|  |TAMS 0x0000000088c00000, 0x0000000088c00000| Untracked 
|  86|0x0000000088c00000, 0x0000000088d00000, 0x0000000088d00000|100%| O|  |TAMS 0x0000000088d00000, 0x0000000088d00000| Untracked 
|  87|0x0000000088d00000, 0x0000000088e00000, 0x0000000088e00000|100%| O|  |TAMS 0x0000000088e00000, 0x0000000088e00000| Untracked 
|  88|0x0000000088e00000, 0x0000000088f00000, 0x0000000088f00000|100%| O|  |TAMS 0x0000000088f00000, 0x0000000088f00000| Untracked 
|  89|0x0000000088f00000, 0x0000000089000000, 0x0000000089000000|100%| O|  |TAMS 0x0000000089000000, 0x0000000089000000| Untracked 
|  90|0x0000000089000000, 0x0000000089100000, 0x0000000089100000|100%| O|  |TAMS 0x0000000089000000, 0x0000000089000000| Untracked 
|  91|0x0000000089100000, 0x0000000089200000, 0x0000000089200000|100%| O|  |TAMS 0x0000000089100000, 0x0000000089200000| Untracked 
|  92|0x0000000089200000, 0x0000000089300000, 0x0000000089300000|100%| O|  |TAMS 0x0000000089200000, 0x0000000089300000| Untracked 
|  93|0x0000000089300000, 0x0000000089400000, 0x0000000089400000|100%| O|  |TAMS 0x0000000089400000, 0x0000000089400000| Untracked 
|  94|0x0000000089400000, 0x0000000089500000, 0x0000000089500000|100%| O|  |TAMS 0x0000000089500000, 0x0000000089500000| Untracked 
|  95|0x0000000089500000, 0x0000000089600000, 0x0000000089600000|100%| O|  |TAMS 0x0000000089600000, 0x0000000089600000| Untracked 
|  96|0x0000000089600000, 0x0000000089700000, 0x0000000089700000|100%| O|  |TAMS 0x0000000089700000, 0x0000000089700000| Untracked 
|  97|0x0000000089700000, 0x0000000089800000, 0x0000000089800000|100%| O|  |TAMS 0x0000000089800000, 0x0000000089800000| Untracked 
|  98|0x0000000089800000, 0x0000000089900000, 0x0000000089900000|100%| O|  |TAMS 0x0000000089900000, 0x0000000089900000| Untracked 
|  99|0x0000000089900000, 0x0000000089a00000, 0x0000000089a00000|100%| O|  |TAMS 0x0000000089a00000, 0x0000000089a00000| Untracked 
| 100|0x0000000089a00000, 0x0000000089b00000, 0x0000000089b00000|100%| O|  |TAMS 0x0000000089b00000, 0x0000000089b00000| Untracked 
| 101|0x0000000089b00000, 0x0000000089c00000, 0x0000000089c00000|100%| O|  |TAMS 0x0000000089c00000, 0x0000000089c00000| Untracked 
| 102|0x0000000089c00000, 0x0000000089c4f600, 0x0000000089d00000| 31%| O|  |TAMS 0x0000000089c00000, 0x0000000089c00000| Untracked 
| 103|0x0000000089d00000, 0x0000000089e00000, 0x0000000089e00000|100%| O|  |TAMS 0x0000000089e00000, 0x0000000089e00000| Untracked 
| 104|0x0000000089e00000, 0x0000000089f00000, 0x0000000089f00000|100%| O|  |TAMS 0x0000000089e00000, 0x0000000089f00000| Untracked 
| 105|0x0000000089f00000, 0x000000008a000000, 0x000000008a000000|100%|HS|  |TAMS 0x000000008a000000, 0x000000008a000000| Complete 
| 106|0x000000008a000000, 0x000000008a100000, 0x000000008a100000|100%|HS|  |TAMS 0x000000008a100000, 0x000000008a100000| Complete 
| 107|0x000000008a100000, 0x000000008a200000, 0x000000008a200000|100%|HC|  |TAMS 0x000000008a200000, 0x000000008a200000| Complete 
| 108|0x000000008a200000, 0x000000008a200000, 0x000000008a300000|  0%| F|  |TAMS 0x000000008a200000, 0x000000008a200000| Untracked 
| 109|0x000000008a300000, 0x000000008a400000, 0x000000008a400000|100%| O|  |TAMS 0x000000008a300000, 0x000000008a400000| Untracked 
| 110|0x000000008a400000, 0x000000008a500000, 0x000000008a500000|100%|HS|  |TAMS 0x000000008a500000, 0x000000008a500000| Complete 
| 111|0x000000008a500000, 0x000000008a600000, 0x000000008a600000|100%|HS|  |TAMS 0x000000008a600000, 0x000000008a600000| Complete 
| 112|0x000000008a600000, 0x000000008a700000, 0x000000008a700000|100%|HC|  |TAMS 0x000000008a700000, 0x000000008a700000| Complete 
| 113|0x000000008a700000, 0x000000008a800000, 0x000000008a800000|100%| O|  |TAMS 0x000000008a800000, 0x000000008a800000| Untracked 
| 114|0x000000008a800000, 0x000000008a900000, 0x000000008a900000|100%| O|  |TAMS 0x000000008a900000, 0x000000008a900000| Untracked 
| 115|0x000000008a900000, 0x000000008aa00000, 0x000000008aa00000|100%| O|  |TAMS 0x000000008aa00000, 0x000000008aa00000| Untracked 
| 116|0x000000008aa00000, 0x000000008ab00000, 0x000000008ab00000|100%| O|  |TAMS 0x000000008ab00000, 0x000000008ab00000| Untracked 
| 117|0x000000008ab00000, 0x000000008ac00000, 0x000000008ac00000|100%| O|  |TAMS 0x000000008ac00000, 0x000000008ac00000| Untracked 
| 118|0x000000008ac00000, 0x000000008ad00000, 0x000000008ad00000|100%| O|  |TAMS 0x000000008ad00000, 0x000000008ad00000| Untracked 
| 119|0x000000008ad00000, 0x000000008ae00000, 0x000000008ae00000|100%| O|  |TAMS 0x000000008ae00000, 0x000000008ae00000| Untracked 
| 120|0x000000008ae00000, 0x000000008af00000, 0x000000008af00000|100%| O|  |TAMS 0x000000008af00000, 0x000000008af00000| Untracked 
| 121|0x000000008af00000, 0x000000008b000000, 0x000000008b000000|100%| O|  |TAMS 0x000000008b000000, 0x000000008b000000| Untracked 
| 122|0x000000008b000000, 0x000000008b100000, 0x000000008b100000|100%| O|  |TAMS 0x000000008b100000, 0x000000008b100000| Untracked 
| 123|0x000000008b100000, 0x000000008b200000, 0x000000008b200000|100%| O|  |TAMS 0x000000008b100000, 0x000000008b200000| Untracked 
| 124|0x000000008b200000, 0x000000008b300000, 0x000000008b300000|100%| O|  |TAMS 0x000000008b200000, 0x000000008b300000| Untracked 
| 125|0x000000008b300000, 0x000000008b400000, 0x000000008b400000|100%| O|  |TAMS 0x000000008b3c9c00, 0x000000008b400000| Untracked 
| 126|0x000000008b400000, 0x000000008b500000, 0x000000008b500000|100%| O|  |TAMS 0x000000008b400000, 0x000000008b500000| Untracked 
| 127|0x000000008b500000, 0x000000008b600000, 0x000000008b600000|100%| O|  |TAMS 0x000000008b500000, 0x000000008b600000| Untracked 
| 128|0x000000008b600000, 0x000000008b700000, 0x000000008b700000|100%| O|  |TAMS 0x000000008b600000, 0x000000008b700000| Untracked 
| 129|0x000000008b700000, 0x000000008b800000, 0x000000008b800000|100%| O|  |TAMS 0x000000008b700000, 0x000000008b800000| Untracked 
| 130|0x000000008b800000, 0x000000008b900000, 0x000000008b900000|100%| O|  |TAMS 0x000000008b800000, 0x000000008b900000| Untracked 
| 131|0x000000008b900000, 0x000000008ba00000, 0x000000008ba00000|100%| O|  |TAMS 0x000000008b900000, 0x000000008ba00000| Untracked 
| 132|0x000000008ba00000, 0x000000008bb00000, 0x000000008bb00000|100%| O|  |TAMS 0x000000008ba00000, 0x000000008bb00000| Untracked 
| 133|0x000000008bb00000, 0x000000008bc00000, 0x000000008bc00000|100%| O|  |TAMS 0x000000008bb00000, 0x000000008bc00000| Untracked 
| 134|0x000000008bc00000, 0x000000008bd00000, 0x000000008bd00000|100%| O|  |TAMS 0x000000008bc00000, 0x000000008bd00000| Untracked 
| 135|0x000000008bd00000, 0x000000008be00000, 0x000000008be00000|100%| O|  |TAMS 0x000000008bd00000, 0x000000008be00000| Untracked 
| 136|0x000000008be00000, 0x000000008bf00000, 0x000000008bf00000|100%| O|  |TAMS 0x000000008be00000, 0x000000008bf00000| Untracked 
| 137|0x000000008bf00000, 0x000000008c000000, 0x000000008c000000|100%| O|  |TAMS 0x000000008bf00000, 0x000000008c000000| Untracked 
| 138|0x000000008c000000, 0x000000008c100000, 0x000000008c100000|100%| O|  |TAMS 0x000000008c000000, 0x000000008c100000| Untracked 
| 139|0x000000008c100000, 0x000000008c200000, 0x000000008c200000|100%| O|  |TAMS 0x000000008c100000, 0x000000008c200000| Untracked 
| 140|0x000000008c200000, 0x000000008c300000, 0x000000008c300000|100%| O|  |TAMS 0x000000008c200000, 0x000000008c300000| Untracked 
| 141|0x000000008c300000, 0x000000008c400000, 0x000000008c400000|100%| O|  |TAMS 0x000000008c300000, 0x000000008c400000| Untracked 
| 142|0x000000008c400000, 0x000000008c500000, 0x000000008c500000|100%|HS|  |TAMS 0x000000008c400000, 0x000000008c500000| Complete 
| 143|0x000000008c500000, 0x000000008c600000, 0x000000008c600000|100%|HS|  |TAMS 0x000000008c500000, 0x000000008c600000| Complete 
| 144|0x000000008c600000, 0x000000008c700000, 0x000000008c700000|100%| O|  |TAMS 0x000000008c600000, 0x000000008c700000| Untracked 
| 145|0x000000008c700000, 0x000000008c800000, 0x000000008c800000|100%| O|  |TAMS 0x000000008c700000, 0x000000008c800000| Untracked 
| 146|0x000000008c800000, 0x000000008c900000, 0x000000008c900000|100%| O|  |TAMS 0x000000008c800000, 0x000000008c900000| Untracked 
| 147|0x000000008c900000, 0x000000008ca00000, 0x000000008ca00000|100%| O|  |TAMS 0x000000008c900000, 0x000000008ca00000| Untracked 
| 148|0x000000008ca00000, 0x000000008cb00000, 0x000000008cb00000|100%| O|  |TAMS 0x000000008ca00000, 0x000000008cb00000| Untracked 
| 149|0x000000008cb00000, 0x000000008cc00000, 0x000000008cc00000|100%| O|  |TAMS 0x000000008cb00000, 0x000000008cc00000| Untracked 
| 150|0x000000008cc00000, 0x000000008cd00000, 0x000000008cd00000|100%| O|  |TAMS 0x000000008cc00000, 0x000000008cd00000| Untracked 
| 151|0x000000008cd00000, 0x000000008ce00000, 0x000000008ce00000|100%| O|  |TAMS 0x000000008cd00000, 0x000000008ce00000| Untracked 
| 152|0x000000008ce00000, 0x000000008cf00000, 0x000000008cf00000|100%| O|  |TAMS 0x000000008ce00000, 0x000000008cf00000| Untracked 
| 153|0x000000008cf00000, 0x000000008d000000, 0x000000008d000000|100%| O|  |TAMS 0x000000008cf00000, 0x000000008d000000| Untracked 
| 154|0x000000008d000000, 0x000000008d100000, 0x000000008d100000|100%| O|  |TAMS 0x000000008d000000, 0x000000008d100000| Untracked 
| 155|0x000000008d100000, 0x000000008d200000, 0x000000008d200000|100%| O|  |TAMS 0x000000008d100000, 0x000000008d200000| Untracked 
| 156|0x000000008d200000, 0x000000008d300000, 0x000000008d300000|100%| O|  |TAMS 0x000000008d200000, 0x000000008d300000| Untracked 
| 157|0x000000008d300000, 0x000000008d400000, 0x000000008d400000|100%| O|  |TAMS 0x000000008d300000, 0x000000008d400000| Untracked 
| 158|0x000000008d400000, 0x000000008d500000, 0x000000008d500000|100%| O|  |TAMS 0x000000008d400000, 0x000000008d500000| Untracked 
| 159|0x000000008d500000, 0x000000008d600000, 0x000000008d600000|100%| O|  |TAMS 0x000000008d500000, 0x000000008d570400| Untracked 
| 160|0x000000008d600000, 0x000000008d600000, 0x000000008d700000|  0%| F|  |TAMS 0x000000008d600000, 0x000000008d600000| Untracked 
| 161|0x000000008d700000, 0x000000008d700000, 0x000000008d800000|  0%| F|  |TAMS 0x000000008d700000, 0x000000008d700000| Untracked 
| 162|0x000000008d800000, 0x000000008d800000, 0x000000008d900000|  0%| F|  |TAMS 0x000000008d800000, 0x000000008d800000| Untracked 
| 163|0x000000008d900000, 0x000000008d900000, 0x000000008da00000|  0%| F|  |TAMS 0x000000008d900000, 0x000000008d900000| Untracked 
| 164|0x000000008da00000, 0x000000008da00000, 0x000000008db00000|  0%| F|  |TAMS 0x000000008da00000, 0x000000008da00000| Untracked 
| 165|0x000000008db00000, 0x000000008db00000, 0x000000008dc00000|  0%| F|  |TAMS 0x000000008db00000, 0x000000008db00000| Untracked 
| 166|0x000000008dc00000, 0x000000008dc00000, 0x000000008dd00000|  0%| F|  |TAMS 0x000000008dc00000, 0x000000008dc00000| Untracked 
| 167|0x000000008dd00000, 0x000000008dd00000, 0x000000008de00000|  0%| F|  |TAMS 0x000000008dd00000, 0x000000008dd00000| Untracked 
| 168|0x000000008de00000, 0x000000008de00000, 0x000000008df00000|  0%| F|  |TAMS 0x000000008de00000, 0x000000008de00000| Untracked 
| 169|0x000000008df00000, 0x000000008df00000, 0x000000008e000000|  0%| F|  |TAMS 0x000000008df00000, 0x000000008df00000| Untracked 
| 170|0x000000008e000000, 0x000000008e000000, 0x000000008e100000|  0%| F|  |TAMS 0x000000008e000000, 0x000000008e000000| Untracked 
| 171|0x000000008e100000, 0x000000008e100000, 0x000000008e200000|  0%| F|  |TAMS 0x000000008e100000, 0x000000008e100000| Untracked 
| 172|0x000000008e200000, 0x000000008e200000, 0x000000008e300000|  0%| F|  |TAMS 0x000000008e200000, 0x000000008e200000| Untracked 
| 173|0x000000008e300000, 0x000000008e300000, 0x000000008e400000|  0%| F|  |TAMS 0x000000008e300000, 0x000000008e300000| Untracked 
| 174|0x000000008e400000, 0x000000008e400000, 0x000000008e500000|  0%| F|  |TAMS 0x000000008e400000, 0x000000008e400000| Untracked 
| 175|0x000000008e500000, 0x000000008e500000, 0x000000008e600000|  0%| F|  |TAMS 0x000000008e500000, 0x000000008e500000| Untracked 
| 176|0x000000008e600000, 0x000000008e600000, 0x000000008e700000|  0%| F|  |TAMS 0x000000008e600000, 0x000000008e600000| Untracked 
| 177|0x000000008e700000, 0x000000008e700000, 0x000000008e800000|  0%| F|  |TAMS 0x000000008e700000, 0x000000008e700000| Untracked 
| 178|0x000000008e800000, 0x000000008e800000, 0x000000008e900000|  0%| F|  |TAMS 0x000000008e800000, 0x000000008e800000| Untracked 
| 179|0x000000008e900000, 0x000000008e900000, 0x000000008ea00000|  0%| F|  |TAMS 0x000000008e900000, 0x000000008e900000| Untracked 
| 180|0x000000008ea00000, 0x000000008ea00000, 0x000000008eb00000|  0%| F|  |TAMS 0x000000008ea00000, 0x000000008ea00000| Untracked 
| 181|0x000000008eb00000, 0x000000008eb00000, 0x000000008ec00000|  0%| F|  |TAMS 0x000000008eb00000, 0x000000008eb00000| Untracked 
| 182|0x000000008ec00000, 0x000000008ec00000, 0x000000008ed00000|  0%| F|  |TAMS 0x000000008ec00000, 0x000000008ec00000| Untracked 
| 183|0x000000008ed00000, 0x000000008ed00000, 0x000000008ee00000|  0%| F|  |TAMS 0x000000008ed00000, 0x000000008ed00000| Untracked 
| 184|0x000000008ee00000, 0x000000008ee00000, 0x000000008ef00000|  0%| F|  |TAMS 0x000000008ee00000, 0x000000008ee00000| Untracked 
| 185|0x000000008ef00000, 0x000000008ef00000, 0x000000008f000000|  0%| F|  |TAMS 0x000000008ef00000, 0x000000008ef00000| Untracked 
| 186|0x000000008f000000, 0x000000008f000000, 0x000000008f100000|  0%| F|  |TAMS 0x000000008f000000, 0x000000008f000000| Untracked 
| 187|0x000000008f100000, 0x000000008f100000, 0x000000008f200000|  0%| F|  |TAMS 0x000000008f100000, 0x000000008f100000| Untracked 
| 188|0x000000008f200000, 0x000000008f200000, 0x000000008f300000|  0%| F|  |TAMS 0x000000008f200000, 0x000000008f200000| Untracked 
| 189|0x000000008f300000, 0x000000008f300000, 0x000000008f400000|  0%| F|  |TAMS 0x000000008f300000, 0x000000008f300000| Untracked 
| 190|0x000000008f400000, 0x000000008f400000, 0x000000008f500000|  0%| F|  |TAMS 0x000000008f400000, 0x000000008f400000| Untracked 
| 191|0x000000008f500000, 0x000000008f500000, 0x000000008f600000|  0%| F|  |TAMS 0x000000008f500000, 0x000000008f500000| Untracked 
| 192|0x000000008f600000, 0x000000008f600000, 0x000000008f700000|  0%| F|  |TAMS 0x000000008f600000, 0x000000008f600000| Untracked 
| 193|0x000000008f700000, 0x000000008f700000, 0x000000008f800000|  0%| F|  |TAMS 0x000000008f700000, 0x000000008f700000| Untracked 
| 194|0x000000008f800000, 0x000000008f800000, 0x000000008f900000|  0%| F|  |TAMS 0x000000008f800000, 0x000000008f800000| Untracked 
| 195|0x000000008f900000, 0x000000008f900000, 0x000000008fa00000|  0%| F|  |TAMS 0x000000008f900000, 0x000000008f900000| Untracked 
| 196|0x000000008fa00000, 0x000000008fa00000, 0x000000008fb00000|  0%| F|  |TAMS 0x000000008fa00000, 0x000000008fa00000| Untracked 
| 197|0x000000008fb00000, 0x000000008fb00000, 0x000000008fc00000|  0%| F|  |TAMS 0x000000008fb00000, 0x000000008fb00000| Untracked 
| 198|0x000000008fc00000, 0x000000008fc00000, 0x000000008fd00000|  0%| F|  |TAMS 0x000000008fc00000, 0x000000008fc00000| Untracked 
| 199|0x000000008fd00000, 0x000000008fd00000, 0x000000008fe00000|  0%| F|  |TAMS 0x000000008fd00000, 0x000000008fd00000| Untracked 
| 200|0x000000008fe00000, 0x000000008fe00000, 0x000000008ff00000|  0%| F|  |TAMS 0x000000008fe00000, 0x000000008fe00000| Untracked 
| 201|0x000000008ff00000, 0x000000008ff00000, 0x0000000090000000|  0%| F|  |TAMS 0x000000008ff00000, 0x000000008ff00000| Untracked 
| 202|0x0000000090000000, 0x0000000090000000, 0x0000000090100000|  0%| F|  |TAMS 0x0000000090000000, 0x0000000090000000| Untracked 
| 203|0x0000000090100000, 0x0000000090100000, 0x0000000090200000|  0%| F|  |TAMS 0x0000000090100000, 0x0000000090100000| Untracked 
| 204|0x0000000090200000, 0x0000000090200000, 0x0000000090300000|  0%| F|  |TAMS 0x0000000090200000, 0x0000000090200000| Untracked 
| 205|0x0000000090300000, 0x0000000090300000, 0x0000000090400000|  0%| F|  |TAMS 0x0000000090300000, 0x0000000090300000| Untracked 
| 206|0x0000000090400000, 0x0000000090400000, 0x0000000090500000|  0%| F|  |TAMS 0x0000000090400000, 0x0000000090400000| Untracked 
| 207|0x0000000090500000, 0x0000000090500000, 0x0000000090600000|  0%| F|  |TAMS 0x0000000090500000, 0x0000000090500000| Untracked 
| 208|0x0000000090600000, 0x0000000090600000, 0x0000000090700000|  0%| F|  |TAMS 0x0000000090600000, 0x0000000090600000| Untracked 
| 209|0x0000000090700000, 0x0000000090700000, 0x0000000090800000|  0%| F|  |TAMS 0x0000000090700000, 0x0000000090700000| Untracked 
| 210|0x0000000090800000, 0x0000000090900000, 0x0000000090900000|100%| S|CS|TAMS 0x0000000090800000, 0x0000000090800000| Complete 
| 211|0x0000000090900000, 0x0000000090a00000, 0x0000000090a00000|100%| S|CS|TAMS 0x0000000090900000, 0x0000000090900000| Complete 
| 212|0x0000000090a00000, 0x0000000090b00000, 0x0000000090b00000|100%| S|CS|TAMS 0x0000000090a00000, 0x0000000090a00000| Complete 
| 213|0x0000000090b00000, 0x0000000090c00000, 0x0000000090c00000|100%| S|CS|TAMS 0x0000000090b00000, 0x0000000090b00000| Complete 
| 214|0x0000000090c00000, 0x0000000090d00000, 0x0000000090d00000|100%| S|CS|TAMS 0x0000000090c00000, 0x0000000090c00000| Complete 
| 215|0x0000000090d00000, 0x0000000090e00000, 0x0000000090e00000|100%| S|CS|TAMS 0x0000000090d00000, 0x0000000090d00000| Complete 
| 216|0x0000000090e00000, 0x0000000090f00000, 0x0000000090f00000|100%| S|CS|TAMS 0x0000000090e00000, 0x0000000090e00000| Complete 
| 217|0x0000000090f00000, 0x0000000090f00000, 0x0000000091000000|  0%| F|  |TAMS 0x0000000090f00000, 0x0000000090f00000| Untracked 
| 218|0x0000000091000000, 0x0000000091000000, 0x0000000091100000|  0%| F|  |TAMS 0x0000000091000000, 0x0000000091000000| Untracked 
| 219|0x0000000091100000, 0x0000000091100000, 0x0000000091200000|  0%| F|  |TAMS 0x0000000091100000, 0x0000000091100000| Untracked 
| 220|0x0000000091200000, 0x0000000091200000, 0x0000000091300000|  0%| F|  |TAMS 0x0000000091200000, 0x0000000091200000| Untracked 
| 221|0x0000000091300000, 0x0000000091300000, 0x0000000091400000|  0%| F|  |TAMS 0x0000000091300000, 0x0000000091300000| Untracked 
| 222|0x0000000091400000, 0x0000000091400000, 0x0000000091500000|  0%| F|  |TAMS 0x0000000091400000, 0x0000000091400000| Untracked 
| 223|0x0000000091500000, 0x0000000091500000, 0x0000000091600000|  0%| F|  |TAMS 0x0000000091500000, 0x0000000091500000| Untracked 
| 224|0x0000000091600000, 0x0000000091600000, 0x0000000091700000|  0%| F|  |TAMS 0x0000000091600000, 0x0000000091600000| Untracked 
| 225|0x0000000091700000, 0x0000000091700000, 0x0000000091800000|  0%| F|  |TAMS 0x0000000091700000, 0x0000000091700000| Untracked 
| 226|0x0000000091800000, 0x0000000091800000, 0x0000000091900000|  0%| F|  |TAMS 0x0000000091800000, 0x0000000091800000| Untracked 
| 227|0x0000000091900000, 0x0000000091900000, 0x0000000091a00000|  0%| F|  |TAMS 0x0000000091900000, 0x0000000091900000| Untracked 
| 228|0x0000000091a00000, 0x0000000091a00000, 0x0000000091b00000|  0%| F|  |TAMS 0x0000000091a00000, 0x0000000091a00000| Untracked 
| 229|0x0000000091b00000, 0x0000000091b00000, 0x0000000091c00000|  0%| F|  |TAMS 0x0000000091b00000, 0x0000000091b00000| Untracked 
| 230|0x0000000091c00000, 0x0000000091c00000, 0x0000000091d00000|  0%| F|  |TAMS 0x0000000091c00000, 0x0000000091c00000| Untracked 
| 231|0x0000000091d00000, 0x0000000091d00000, 0x0000000091e00000|  0%| F|  |TAMS 0x0000000091d00000, 0x0000000091d00000| Untracked 
| 232|0x0000000091e00000, 0x0000000091e00000, 0x0000000091f00000|  0%| F|  |TAMS 0x0000000091e00000, 0x0000000091e00000| Untracked 
| 233|0x0000000091f00000, 0x0000000091f00000, 0x0000000092000000|  0%| F|  |TAMS 0x0000000091f00000, 0x0000000091f00000| Untracked 
| 234|0x0000000092000000, 0x0000000092000000, 0x0000000092100000|  0%| F|  |TAMS 0x0000000092000000, 0x0000000092000000| Untracked 
| 235|0x0000000092100000, 0x0000000092100000, 0x0000000092200000|  0%| F|  |TAMS 0x0000000092100000, 0x0000000092100000| Untracked 
| 236|0x0000000092200000, 0x0000000092200000, 0x0000000092300000|  0%| F|  |TAMS 0x0000000092200000, 0x0000000092200000| Untracked 
| 237|0x0000000092300000, 0x0000000092300000, 0x0000000092400000|  0%| F|  |TAMS 0x0000000092300000, 0x0000000092300000| Untracked 
| 238|0x0000000092400000, 0x0000000092400000, 0x0000000092500000|  0%| F|  |TAMS 0x0000000092400000, 0x0000000092400000| Untracked 
| 239|0x0000000092500000, 0x0000000092500000, 0x0000000092600000|  0%| F|  |TAMS 0x0000000092500000, 0x0000000092500000| Untracked 
| 240|0x0000000092600000, 0x0000000092600000, 0x0000000092700000|  0%| F|  |TAMS 0x0000000092600000, 0x0000000092600000| Untracked 
| 241|0x0000000092700000, 0x0000000092700000, 0x0000000092800000|  0%| F|  |TAMS 0x0000000092700000, 0x0000000092700000| Untracked 
| 242|0x0000000092800000, 0x0000000092800000, 0x0000000092900000|  0%| F|  |TAMS 0x0000000092800000, 0x0000000092800000| Untracked 
| 243|0x0000000092900000, 0x0000000092900000, 0x0000000092a00000|  0%| F|  |TAMS 0x0000000092900000, 0x0000000092900000| Untracked 
| 244|0x0000000092a00000, 0x0000000092a00000, 0x0000000092b00000|  0%| F|  |TAMS 0x0000000092a00000, 0x0000000092a00000| Untracked 
| 245|0x0000000092b00000, 0x0000000092b00000, 0x0000000092c00000|  0%| F|  |TAMS 0x0000000092b00000, 0x0000000092b00000| Untracked 
| 246|0x0000000092c00000, 0x0000000092c00000, 0x0000000092d00000|  0%| F|  |TAMS 0x0000000092c00000, 0x0000000092c00000| Untracked 
| 247|0x0000000092d00000, 0x0000000092d00000, 0x0000000092e00000|  0%| F|  |TAMS 0x0000000092d00000, 0x0000000092d00000| Untracked 
| 248|0x0000000092e00000, 0x0000000092e00000, 0x0000000092f00000|  0%| F|  |TAMS 0x0000000092e00000, 0x0000000092e00000| Untracked 
| 249|0x0000000092f00000, 0x0000000092f00000, 0x0000000093000000|  0%| F|  |TAMS 0x0000000092f00000, 0x0000000092f00000| Untracked 
| 250|0x0000000093000000, 0x0000000093000000, 0x0000000093100000|  0%| F|  |TAMS 0x0000000093000000, 0x0000000093000000| Untracked 
| 251|0x0000000093100000, 0x0000000093100000, 0x0000000093200000|  0%| F|  |TAMS 0x0000000093100000, 0x0000000093100000| Untracked 
| 252|0x0000000093200000, 0x0000000093200000, 0x0000000093300000|  0%| F|  |TAMS 0x0000000093200000, 0x0000000093200000| Untracked 
| 253|0x0000000093300000, 0x0000000093300000, 0x0000000093400000|  0%| F|  |TAMS 0x0000000093300000, 0x0000000093300000| Untracked 
| 254|0x0000000093400000, 0x0000000093400000, 0x0000000093500000|  0%| F|  |TAMS 0x0000000093400000, 0x0000000093400000| Untracked 
| 255|0x0000000093500000, 0x0000000093500000, 0x0000000093600000|  0%| F|  |TAMS 0x0000000093500000, 0x0000000093500000| Untracked 
| 256|0x0000000093600000, 0x0000000093600000, 0x0000000093700000|  0%| F|  |TAMS 0x0000000093600000, 0x0000000093600000| Untracked 
| 257|0x0000000093700000, 0x0000000093700000, 0x0000000093800000|  0%| F|  |TAMS 0x0000000093700000, 0x0000000093700000| Untracked 
| 258|0x0000000093800000, 0x0000000093800000, 0x0000000093900000|  0%| F|  |TAMS 0x0000000093800000, 0x0000000093800000| Untracked 
| 259|0x0000000093900000, 0x0000000093900000, 0x0000000093a00000|  0%| F|  |TAMS 0x0000000093900000, 0x0000000093900000| Untracked 
| 260|0x0000000093a00000, 0x0000000093a00000, 0x0000000093b00000|  0%| F|  |TAMS 0x0000000093a00000, 0x0000000093a00000| Untracked 
| 261|0x0000000093b00000, 0x0000000093b00000, 0x0000000093c00000|  0%| F|  |TAMS 0x0000000093b00000, 0x0000000093b00000| Untracked 
| 262|0x0000000093c00000, 0x0000000093c00000, 0x0000000093d00000|  0%| F|  |TAMS 0x0000000093c00000, 0x0000000093c00000| Untracked 
| 263|0x0000000093d00000, 0x0000000093d00000, 0x0000000093e00000|  0%| F|  |TAMS 0x0000000093d00000, 0x0000000093d00000| Untracked 
| 264|0x0000000093e00000, 0x0000000093e00000, 0x0000000093f00000|  0%| F|  |TAMS 0x0000000093e00000, 0x0000000093e00000| Untracked 
| 265|0x0000000093f00000, 0x0000000093f00000, 0x0000000094000000|  0%| F|  |TAMS 0x0000000093f00000, 0x0000000093f00000| Untracked 
| 266|0x0000000094000000, 0x0000000094000000, 0x0000000094100000|  0%| F|  |TAMS 0x0000000094000000, 0x0000000094000000| Untracked 

Card table byte_map: [0x0000020330cb0000,0x00000203310a0000] _byte_map_base: 0x0000020330895000

Marking Bits (Prev, Next): (CMBitMap*) 0x000002031df349e0, (CMBitMap*) 0x000002031df34a20
 Prev Bits: [0x0000020331490000, 0x00000203333b8000)
 Next Bits: [0x00000203333c0000, 0x00000203352e8000)

Polling page: 0x000002031d6a0000

Metaspace:

Usage:
  Non-class:     27.65 MB used.
      Class:      3.06 MB used.
       Both:     30.71 MB used.

Virtual space:
  Non-class space:       32.00 MB reserved,      27.81 MB ( 87%) committed,  4 nodes.
      Class space:        1.00 GB reserved,       3.19 MB ( <1%) committed,  1 nodes.
             Both:        1.03 GB reserved,      31.00 MB (  3%) committed. 

Chunk freelists:
   Non-Class:  3.84 MB
       Class:  707.00 KB
        Both:  4.53 MB

MaxMetaspaceSize: unlimited
CompressedClassSpaceSize: 1.00 GB
Initial GC threshold: 21.00 MB
Current GC threshold: 51.50 MB
CDS: off
MetaspaceReclaimPolicy: balanced
 - commit_granule_bytes: 65536.
 - commit_granule_words: 8192.
 - virtual_space_node_default_size: 1048576.
 - enlarge_chunks_in_place: 1.
 - new_chunks_are_fully_committed: 0.
 - uncommit_free_chunks: 1.
 - use_allocation_guard: 0.
 - handle_deallocations: 1.


Internal statistics:

num_allocs_failed_limit: 3.
num_arena_births: 226.
num_arena_deaths: 0.
num_vsnodes_births: 5.
num_vsnodes_deaths: 0.
num_space_committed: 496.
num_space_uncommitted: 0.
num_chunks_returned_to_freelist: 3.
num_chunks_taken_from_freelist: 1045.
num_chunk_merges: 3.
num_chunk_splits: 707.
num_chunks_enlarged: 525.
num_purges: 0.
num_inconsistent_stats: 0.

CodeHeap 'non-profiled nmethods': size=120000Kb used=3628Kb max_used=3628Kb free=116371Kb
 bounds [0x0000020329060000, 0x00000203293f0000, 0x0000020330590000]
CodeHeap 'profiled nmethods': size=120000Kb used=11076Kb max_used=11076Kb free=108923Kb
 bounds [0x0000020321b30000, 0x0000020322610000, 0x0000020329060000]
CodeHeap 'non-nmethods': size=5760Kb used=1212Kb max_used=1282Kb free=4547Kb
 bounds [0x0000020321590000, 0x0000020321800000, 0x0000020321b30000]
 total_blobs=6124 nmethods=5626 adapters=410
 compilation: enabled
              stopped_count=0, restarted_count=0
 full_count=0

Compilation events (20 events):
Event: 4.536 Thread 0x0000020338843460 6531       3       org.apache.maven.model.merge.MavenModelMerger::mergeBuildBase_TestResources (26 bytes)
Event: 4.537 Thread 0x0000020338843460 nmethod 6531 0x00000203225fa510 code [0x00000203225fa700, 0x00000203225fad78]
Event: 4.537 Thread 0x0000020338843460 6532   !   2       jdk.internal.reflect.GeneratedMethodAccessor7::invoke (61 bytes)
Event: 4.537 Thread 0x0000020338843460 nmethod 6532 0x00000203225faf90 code [0x00000203225fb180, 0x00000203225fb5e8]
Event: 4.539 Thread 0x0000020338843460 6533       3       org.apache.maven.model.merge.MavenModelMerger::mergeBuildBase_Filters (130 bytes)
Event: 4.540 Thread 0x0000020338843460 nmethod 6533 0x00000203225fb910 code [0x00000203225fbc80, 0x00000203225fd708]
Event: 4.540 Thread 0x0000020338843460 6534       2       java.util.LinkedHashMap$LinkedHashIterator::remove (75 bytes)
Event: 4.540 Thread 0x0000020338843460 nmethod 6534 0x00000203225fdf90 code [0x00000203225fe160, 0x00000203225fe488]
Event: 4.541 Thread 0x0000020338843460 6535       2       org.eclipse.aether.artifact.DefaultArtifactType::<init> (13 bytes)
Event: 4.541 Thread 0x0000020338843460 nmethod 6535 0x00000203225fe690 code [0x00000203225fe820, 0x00000203225fe968]
Event: 4.550 Thread 0x0000020338843460 6536       3       org.apache.maven.model.merge.ModelMerger::mergeBuildBase_TestResources (26 bytes)
Event: 4.551 Thread 0x0000020338843460 nmethod 6536 0x00000203225fea10 code [0x00000203225fec40, 0x00000203225ff7c8]
Event: 4.551 Thread 0x0000020338843460 6537       3       org.apache.maven.model.merge.ModelMerger::mergeRepositoryBase (37 bytes)
Event: 4.552 Thread 0x0000020338843460 nmethod 6537 0x00000203225ffb90 code [0x00000203225ffd60, 0x0000020322600198]
Event: 4.555 Thread 0x00000203389cfb20 nmethod 6488 0x00000203293e1b10 code [0x00000203293e1fc0, 0x00000203293e8040]
Event: 4.555 Thread 0x0000020338843460 6538       3       org.apache.maven.model.merge.ModelMerger::mergeRepository_Releases (49 bytes)
Event: 4.555 Thread 0x00000203389cfb20 6515       4       org.apache.maven.repository.internal.ArtifactDescriptorReaderDelegate::convert (205 bytes)
Event: 4.556 Thread 0x0000020338843460 nmethod 6538 0x0000020322600310 code [0x00000203226004e0, 0x0000020322600a88]
Event: 4.556 Thread 0x0000020338843460 6539       3       org.apache.maven.model.merge.ModelMerger::mergeRepository_Snapshots (49 bytes)
Event: 4.556 Thread 0x0000020338843460 nmethod 6539 0x0000020322600c90 code [0x0000020322600e60, 0x0000020322601408]

GC Heap History (20 events):
Event: 2.633 GC heap after
{Heap after GC invocations=15 (full 0):
 garbage-first heap   total 192512K, used 52701K [0x0000000083600000, 0x0000000100000000)
  region size 1024K, 3 young (3072K), 3 survivors (3072K)
 Metaspace       used 27098K, committed 27328K, reserved 1073152K
  class space    used 2725K, committed 2816K, reserved 1048576K
}
Event: 2.934 GC heap before
{Heap before GC invocations=15 (full 0):
 garbage-first heap   total 192512K, used 140765K [0x0000000083600000, 0x0000000100000000)
  region size 1024K, 88 young (90112K), 3 survivors (3072K)
 Metaspace       used 27189K, committed 27392K, reserved 1073152K
  class space    used 2725K, committed 2816K, reserved 1048576K
}
Event: 2.944 GC heap after
{Heap after GC invocations=16 (full 0):
 garbage-first heap   total 192512K, used 68430K [0x0000000083600000, 0x0000000100000000)
  region size 1024K, 11 young (11264K), 11 survivors (11264K)
 Metaspace       used 27189K, committed 27392K, reserved 1073152K
  class space    used 2725K, committed 2816K, reserved 1048576K
}
Event: 3.069 GC heap before
{Heap before GC invocations=16 (full 0):
 garbage-first heap   total 192512K, used 130894K [0x0000000083600000, 0x0000000100000000)
  region size 1024K, 72 young (73728K), 11 survivors (11264K)
 Metaspace       used 27285K, committed 27456K, reserved 1081344K
  class space    used 2731K, committed 2816K, reserved 1048576K
}
Event: 3.077 GC heap after
{Heap after GC invocations=17 (full 0):
 garbage-first heap   total 192512K, used 77432K [0x0000000083600000, 0x0000000100000000)
  region size 1024K, 9 young (9216K), 9 survivors (9216K)
 Metaspace       used 27285K, committed 27456K, reserved 1081344K
  class space    used 2731K, committed 2816K, reserved 1048576K
}
Event: 3.303 GC heap before
{Heap before GC invocations=17 (full 0):
 garbage-first heap   total 192512K, used 140920K [0x0000000083600000, 0x0000000100000000)
  region size 1024K, 68 young (69632K), 9 survivors (9216K)
 Metaspace       used 28047K, committed 28288K, reserved 1081344K
  class space    used 2807K, committed 2944K, reserved 1048576K
}
Event: 3.319 GC heap after
{Heap after GC invocations=18 (full 0):
 garbage-first heap   total 192512K, used 104921K [0x0000000083600000, 0x0000000100000000)
  region size 1024K, 9 young (9216K), 9 survivors (9216K)
 Metaspace       used 28047K, committed 28288K, reserved 1081344K
  class space    used 2807K, committed 2944K, reserved 1048576K
}
Event: 3.335 GC heap before
{Heap before GC invocations=18 (full 0):
 garbage-first heap   total 192512K, used 113113K [0x0000000083600000, 0x0000000100000000)
  region size 1024K, 18 young (18432K), 9 survivors (9216K)
 Metaspace       used 28048K, committed 28288K, reserved 1081344K
  class space    used 2807K, committed 2944K, reserved 1048576K
}
Event: 3.341 GC heap after
{Heap after GC invocations=19 (full 0):
 garbage-first heap   total 273408K, used 109056K [0x0000000083600000, 0x0000000100000000)
  region size 1024K, 3 young (3072K), 3 survivors (3072K)
 Metaspace       used 28048K, committed 28288K, reserved 1081344K
  class space    used 2807K, committed 2944K, reserved 1048576K
}
Event: 3.825 GC heap before
{Heap before GC invocations=19 (full 0):
 garbage-first heap   total 273408K, used 192000K [0x0000000083600000, 0x0000000100000000)
  region size 1024K, 80 young (81920K), 3 survivors (3072K)
 Metaspace       used 30723K, committed 31040K, reserved 1081344K
  class space    used 3063K, committed 3200K, reserved 1048576K
}
Event: 3.832 GC heap after
{Heap after GC invocations=20 (full 0):
 garbage-first heap   total 273408K, used 121856K [0x0000000083600000, 0x0000000100000000)
  region size 1024K, 10 young (10240K), 10 survivors (10240K)
 Metaspace       used 30723K, committed 31040K, reserved 1081344K
  class space    used 3063K, committed 3200K, reserved 1048576K
}
Event: 4.112 GC heap before
{Heap before GC invocations=20 (full 0):
 garbage-first heap   total 273408K, used 201728K [0x0000000083600000, 0x0000000100000000)
  region size 1024K, 84 young (86016K), 10 survivors (10240K)
 Metaspace       used 31038K, committed 31360K, reserved 1081344K
  class space    used 3089K, committed 3264K, reserved 1048576K
}
Event: 4.120 GC heap after
{Heap after GC invocations=21 (full 0):
 garbage-first heap   total 273408K, used 140071K [0x0000000083600000, 0x0000000100000000)
  region size 1024K, 11 young (11264K), 11 survivors (11264K)
 Metaspace       used 31038K, committed 31360K, reserved 1081344K
  class space    used 3089K, committed 3264K, reserved 1048576K
}
Event: 4.229 GC heap before
{Heap before GC invocations=21 (full 0):
 garbage-first heap   total 273408K, used 192295K [0x0000000083600000, 0x0000000100000000)
  region size 1024K, 63 young (64512K), 11 survivors (11264K)
 Metaspace       used 31126K, committed 31488K, reserved 1081344K
  class space    used 3098K, committed 3264K, reserved 1048576K
}
Event: 4.241 GC heap after
{Heap after GC invocations=22 (full 0):
 garbage-first heap   total 273408K, used 155648K [0x0000000083600000, 0x0000000100000000)
  region size 1024K, 10 young (10240K), 10 survivors (10240K)
 Metaspace       used 31126K, committed 31488K, reserved 1081344K
  class space    used 3098K, committed 3264K, reserved 1048576K
}
Event: 4.428 GC heap before
{Heap before GC invocations=23 (full 0):
 garbage-first heap   total 273408K, used 201728K [0x0000000083600000, 0x0000000100000000)
  region size 1024K, 61 young (62464K), 10 survivors (10240K)
 Metaspace       used 31440K, committed 31744K, reserved 1081344K
  class space    used 3135K, committed 3264K, reserved 1048576K
}
Event: 4.439 GC heap after
{Heap after GC invocations=24 (full 0):
 garbage-first heap   total 273408K, used 162246K [0x0000000083600000, 0x0000000100000000)
  region size 1024K, 8 young (8192K), 8 survivors (8192K)
 Metaspace       used 31440K, committed 31744K, reserved 1081344K
  class space    used 3135K, committed 3264K, reserved 1048576K
}
Event: 4.450 GC heap before
{Heap before GC invocations=24 (full 0):
 garbage-first heap   total 273408K, used 167366K [0x0000000083600000, 0x0000000100000000)
  region size 1024K, 13 young (13312K), 8 survivors (8192K)
 Metaspace       used 31442K, committed 31744K, reserved 1081344K
  class space    used 3135K, committed 3264K, reserved 1048576K
}
Event: 4.455 GC heap after
{Heap after GC invocations=25 (full 0):
 garbage-first heap   total 273408K, used 162241K [0x0000000083600000, 0x0000000100000000)
  region size 1024K, 2 young (2048K), 2 survivors (2048K)
 Metaspace       used 31442K, committed 31744K, reserved 1081344K
  class space    used 3135K, committed 3264K, reserved 1048576K
}
Event: 4.561 GC heap before
{Heap before GC invocations=25 (full 0):
 garbage-first heap   total 273408K, used 211393K [0x0000000083600000, 0x0000000100000000)
  region size 1024K, 50 young (51200K), 2 survivors (2048K)
 Metaspace       used 31449K, committed 31744K, reserved 1081344K
  class space    used 3135K, committed 3264K, reserved 1048576K
}

Dll operation events (8 events):
Event: 0.009 Loaded shared library C:\eclipse\plugins\org.eclipse.justj.openjdk.hotspot.jre.full.win32.x86_64_17.0.5.v20221102-0933\jre\bin\java.dll
Event: 0.089 Loaded shared library C:\eclipse\plugins\org.eclipse.justj.openjdk.hotspot.jre.full.win32.x86_64_17.0.5.v20221102-0933\jre\bin\net.dll
Event: 0.090 Loaded shared library C:\eclipse\plugins\org.eclipse.justj.openjdk.hotspot.jre.full.win32.x86_64_17.0.5.v20221102-0933\jre\bin\nio.dll
Event: 0.094 Loaded shared library C:\eclipse\plugins\org.eclipse.justj.openjdk.hotspot.jre.full.win32.x86_64_17.0.5.v20221102-0933\jre\bin\zip.dll
Event: 0.187 Loaded shared library C:\eclipse\plugins\org.eclipse.justj.openjdk.hotspot.jre.full.win32.x86_64_17.0.5.v20221102-0933\jre\bin\jimage.dll
Event: 0.241 Loaded shared library C:\Users\Snowr\AppData\Local\Temp\jansi-2.4.0-46e785322a5466cb-jansi.dll
Event: 0.248 Loaded shared library C:\eclipse\plugins\org.eclipse.justj.openjdk.hotspot.jre.full.win32.x86_64_17.0.5.v20221102-0933\jre\bin\verify.dll
Event: 4.299 Loaded shared library C:\Users\Snowr\AppData\Local\Temp\jansi-2.7.1.Final-93fa3188adb8407f81dad04d08abc8192e4e380d.dll

Deoptimization events (20 events):
Event: 4.447 Thread 0x000002031dedc5b0 DEOPT PACKING pc=0x0000020322423f91 sp=0x00000093714fc910
Event: 4.447 Thread 0x000002031dedc5b0 DEOPT UNPACKING pc=0x00000203215e66e3 sp=0x00000093714fbe40 mode 0
Event: 4.449 Thread 0x000002031dedc5b0 DEOPT PACKING pc=0x000002032234caa0 sp=0x00000093714fbe00
Event: 4.449 Thread 0x000002031dedc5b0 DEOPT UNPACKING pc=0x00000203215e66e3 sp=0x00000093714fb318 mode 0
Event: 4.471 Thread 0x000002031dedc5b0 DEOPT PACKING pc=0x0000020322423f91 sp=0x00000093714fc290
Event: 4.471 Thread 0x000002031dedc5b0 DEOPT UNPACKING pc=0x00000203215e66e3 sp=0x00000093714fb7c0 mode 0
Event: 4.485 Thread 0x000002031dedc5b0 DEOPT PACKING pc=0x000002032234caa0 sp=0x00000093714fbe00
Event: 4.485 Thread 0x000002031dedc5b0 DEOPT UNPACKING pc=0x00000203215e66e3 sp=0x00000093714fb318 mode 0
Event: 4.511 Thread 0x000002031dedc5b0 DEOPT PACKING pc=0x0000020322155031 sp=0x00000093714fc560
Event: 4.511 Thread 0x000002031dedc5b0 DEOPT UNPACKING pc=0x00000203215e66e3 sp=0x00000093714fba08 mode 0
Event: 4.542 Thread 0x000002031dedc5b0 DEOPT PACKING pc=0x00000203225a0d5b sp=0x00000093714fc860
Event: 4.542 Thread 0x000002031dedc5b0 DEOPT UNPACKING pc=0x00000203215e66e3 sp=0x00000093714fbd80 mode 0
Event: 4.556 Thread 0x000002031dedc5b0 DEOPT PACKING pc=0x0000020322423f91 sp=0x00000093714fd000
Event: 4.556 Thread 0x000002031dedc5b0 DEOPT UNPACKING pc=0x00000203215e66e3 sp=0x00000093714fc530 mode 0
Event: 4.556 Thread 0x000002031dedc5b0 Uncommon trap: trap_request=0xffffffbe fr.pc=0x000002032936c518 relative=0x0000000000002018
Event: 4.556 Thread 0x000002031dedc5b0 Uncommon trap: reason=profile_predicate action=maybe_recompile pc=0x000002032936c518 method=org.apache.maven.repository.internal.ArtifactDescriptorReaderDelegate.populateResult(Lorg/eclipse/aether/RepositorySystemSession;Lorg/eclipse/aether/resolution/Art
Event: 4.556 Thread 0x000002031dedc5b0 DEOPT PACKING pc=0x000002032936c518 sp=0x00000093714fd050
Event: 4.556 Thread 0x000002031dedc5b0 DEOPT UNPACKING pc=0x00000203215e5ba3 sp=0x00000093714fd040 mode 2
Event: 4.559 Thread 0x000002031dedc5b0 DEOPT PACKING pc=0x000002032234caa0 sp=0x00000093714fc4f0
Event: 4.559 Thread 0x000002031dedc5b0 DEOPT UNPACKING pc=0x00000203215e66e3 sp=0x00000093714fba08 mode 0

Classes unloaded (0 events):
No events

Classes redefined (0 events):
No events

Internal exceptions (20 events):
Event: 3.084 Thread 0x000002031dedc5b0 Exception <a 'java/lang/NoSuchMethodError'{0x000000008f14fc48}: 'int java.lang.invoke.DirectMethodHandle$Holder.invokeSpecial(java.lang.Object, java.lang.Object, java.lang.Object)'> (0x000000008f14fc48) 
thrown [s\src\hotspot\share\interpreter\linkResolver.cpp, line 759]
Event: 3.095 Thread 0x000002031dedc5b0 Exception <a 'java/lang/NoSuchMethodError'{0x000000008f1e7bf8}: 'void java.lang.invoke.DirectMethodHandle$Holder.invokeSpecial(java.lang.Object, java.lang.Object, java.lang.Object, java.lang.Object, java.lang.Object)'> (0x000000008f1e7bf8) 
thrown [s\src\hotspot\share\interpreter\linkResolver.cpp, line 759]
Event: 3.172 Thread 0x000002031dedc5b0 Exception <a 'java/lang/NoSuchMethodError'{0x000000008e0b9670}: 'void java.lang.invoke.DirectMethodHandle$Holder.invokeVirtual(java.lang.Object, java.lang.Object)'> (0x000000008e0b9670) 
thrown [s\src\hotspot\share\interpreter\linkResolver.cpp, line 759]
Event: 3.196 Thread 0x000002031dedc5b0 Exception <a 'java/lang/NoSuchMethodError'{0x000000008de3a4b0}: 'void java.lang.invoke.DirectMethodHandle$Holder.invokeStatic(java.lang.Object, java.lang.Object)'> (0x000000008de3a4b0) 
thrown [s\src\hotspot\share\interpreter\linkResolver.cpp, line 759]
Event: 3.374 Thread 0x000002031dedc5b0 Exception <a 'java/lang/NoSuchMethodError'{0x000000009391dd80}: 'java.lang.Object java.lang.invoke.DirectMethodHandle$Holder.invokeInterface(java.lang.Object, java.lang.Object)'> (0x000000009391dd80) 
thrown [s\src\hotspot\share\interpreter\linkResolver.cpp, line 759]
Event: 3.706 Thread 0x000002031dedc5b0 Exception <a 'java/lang/NoSuchMethodError'{0x000000009022e150}: 'int java.lang.invoke.DirectMethodHandle$Holder.invokeStatic(java.lang.Object, java.lang.Object, int)'> (0x000000009022e150) 
thrown [s\src\hotspot\share\interpreter\linkResolver.cpp, line 759]
Event: 3.761 Thread 0x000002031dedc5b0 Exception <a 'java/lang/NoSuchMethodError'{0x000000008ff8ccc0}: 'java.lang.Object java.lang.invoke.DirectMethodHandle$Holder.invokeStaticInit(java.lang.Object, java.lang.Object, int, int, int, int)'> (0x000000008ff8ccc0) 
thrown [s\src\hotspot\share\interpreter\linkResolver.cpp, line 759]
Event: 3.763 Thread 0x000002031dedc5b0 Exception <a 'sun/nio/fs/WindowsException'{0x000000008ffbafb0}> (0x000000008ffbafb0) 
thrown [s\src\hotspot\share\prims\jni.cpp, line 516]
Event: 3.763 Thread 0x000002031dedc5b0 Exception <a 'sun/nio/fs/WindowsException'{0x000000008ffbb130}> (0x000000008ffbb130) 
thrown [s\src\hotspot\share\prims\jni.cpp, line 516]
Event: 3.772 Thread 0x000002031dedc5b0 Exception <a 'sun/nio/fs/WindowsException'{0x000000008fe4e2e0}> (0x000000008fe4e2e0) 
thrown [s\src\hotspot\share\prims\jni.cpp, line 516]
Event: 3.772 Thread 0x000002031dedc5b0 Exception <a 'sun/nio/fs/WindowsException'{0x000000008fe4e698}> (0x000000008fe4e698) 
thrown [s\src\hotspot\share\prims\jni.cpp, line 516]
Event: 4.305 Thread 0x000002031dedc5b0 Exception <a 'java/lang/NoSuchMethodError'{0x00000000938978a8}: 'java.lang.Object java.lang.invoke.DirectMethodHandle$Holder.invokeVirtual(java.lang.Object, java.lang.Object, java.lang.Object)'> (0x00000000938978a8) 
thrown [s\src\hotspot\share\interpreter\linkResolver.cpp, line 759]
Event: 4.306 Thread 0x000002031dedc5b0 Exception <a 'java/lang/NoSuchMethodError'{0x00000000938a85d8}: 'int java.lang.invoke.DirectMethodHandle$Holder.invokeSpecialIFC(java.lang.Object, java.lang.Object, java.lang.Object)'> (0x00000000938a85d8) 
thrown [s\src\hotspot\share\interpreter\linkResolver.cpp, line 759]
Event: 4.308 Thread 0x000002031dedc5b0 Exception <a 'sun/nio/fs/WindowsException'{0x00000000938cab40}> (0x00000000938cab40) 
thrown [s\src\hotspot\share\prims\jni.cpp, line 516]
Event: 4.308 Thread 0x000002031dedc5b0 Exception <a 'sun/nio/fs/WindowsException'{0x00000000938cacc0}> (0x00000000938cacc0) 
thrown [s\src\hotspot\share\prims\jni.cpp, line 516]
Event: 4.322 Thread 0x000002031dedc5b0 Exception <a 'sun/nio/fs/WindowsException'{0x0000000093783a78}> (0x0000000093783a78) 
thrown [s\src\hotspot\share\prims\jni.cpp, line 516]
Event: 4.322 Thread 0x000002031dedc5b0 Exception <a 'sun/nio/fs/WindowsException'{0x0000000093784078}> (0x0000000093784078) 
thrown [s\src\hotspot\share\prims\jni.cpp, line 516]
Event: 4.322 Thread 0x000002031dedc5b0 Exception <a 'sun/nio/fs/WindowsException'{0x00000000937858d0}> (0x00000000937858d0) 
thrown [s\src\hotspot\share\prims\jni.cpp, line 516]
Event: 4.322 Thread 0x000002031dedc5b0 Exception <a 'sun/nio/fs/WindowsException'{0x0000000093785b60}> (0x0000000093785b60) 
thrown [s\src\hotspot\share\prims\jni.cpp, line 516]
Event: 4.324 Thread 0x000002031dedc5b0 Exception <a 'sun/nio/fs/WindowsException'{0x0000000093795480}> (0x0000000093795480) 
thrown [s\src\hotspot\share\prims\jni.cpp, line 516]

VM Operations (20 events):
Event: 3.571 Executing VM operation: ICBufferFull done
Event: 3.824 Executing VM operation: G1CollectForAllocation
Event: 3.832 Executing VM operation: G1CollectForAllocation done
Event: 4.112 Executing VM operation: G1CollectForAllocation
Event: 4.120 Executing VM operation: G1CollectForAllocation done
Event: 4.208 Executing VM operation: HandshakeAllThreads
Event: 4.208 Executing VM operation: HandshakeAllThreads done
Event: 4.229 Executing VM operation: G1TryInitiateConcMark
Event: 4.241 Executing VM operation: G1TryInitiateConcMark done
Event: 4.309 Executing VM operation: G1Concurrent
Event: 4.312 Executing VM operation: G1Concurrent done
Event: 4.323 Executing VM operation: HandshakeAllThreads
Event: 4.323 Executing VM operation: HandshakeAllThreads done
Event: 4.346 Executing VM operation: G1Concurrent
Event: 4.346 Executing VM operation: G1Concurrent done
Event: 4.428 Executing VM operation: G1CollectForAllocation
Event: 4.439 Executing VM operation: G1CollectForAllocation done
Event: 4.450 Executing VM operation: G1CollectForAllocation
Event: 4.455 Executing VM operation: G1CollectForAllocation done
Event: 4.561 Executing VM operation: G1CollectForAllocation

Events (20 events):
Event: 3.742 loading class sun/security/provider/SeedGenerator
Event: 3.742 loading class sun/security/provider/SeedGenerator done
Event: 3.742 loading class sun/security/provider/NativeSeedGenerator
Event: 3.742 loading class sun/security/provider/NativeSeedGenerator done
Event: 3.744 loading class sun/security/provider/SHA
Event: 3.744 loading class sun/security/provider/SHA done
Event: 3.745 loading class sun/security/provider/SeedGenerator$1
Event: 3.745 loading class sun/security/provider/SeedGenerator$1 done
Event: 3.752 loading class java/net/NetworkInterface$1
Event: 3.752 loading class java/net/NetworkInterface$1 done
Event: 3.762 loading class sun/security/provider/AbstractDrbg$NonceProvider
Event: 3.762 loading class sun/security/provider/AbstractDrbg$NonceProvider done
Event: 3.763 loading class sun/nio/fs/WindowsException
Event: 3.763 loading class sun/nio/fs/WindowsException done
Event: 4.213 Thread 0x0000020338851d70 flushing nmethod 0x00000203222a5990
Event: 4.213 Thread 0x0000020338851d70 flushing nmethod 0x00000203222f7e10
Event: 4.300 loading class java/util/zip/ZipOutputStream
Event: 4.300 loading class java/util/zip/ZipOutputStream done
Event: 4.300 loading class java/io/DataOutputStream
Event: 4.300 loading class java/io/DataOutputStream done


Dynamic libraries:
0x00007ff7c0ee0000 - 0x00007ff7c0eee000 	C:\eclipse\plugins\org.eclipse.justj.openjdk.hotspot.jre.full.win32.x86_64_17.0.5.v20221102-0933\jre\bin\javaw.exe
0x00007fff46a70000 - 0x00007fff46c84000 	C:\Windows\SYSTEM32\ntdll.dll
0x00007fff45ee0000 - 0x00007fff45fa3000 	C:\Windows\System32\KERNEL32.DLL
0x00007fff442e0000 - 0x00007fff4467d000 	C:\Windows\System32\KERNELBASE.dll
0x00007fff44740000 - 0x00007fff44851000 	C:\Windows\System32\ucrtbase.dll
0x00007fff3e9c0000 - 0x00007fff3e9d7000 	C:\eclipse\plugins\org.eclipse.justj.openjdk.hotspot.jre.full.win32.x86_64_17.0.5.v20221102-0933\jre\bin\jli.dll
0x00007fff3ea90000 - 0x00007fff3eaa9000 	C:\eclipse\plugins\org.eclipse.justj.openjdk.hotspot.jre.full.win32.x86_64_17.0.5.v20221102-0933\jre\bin\VCRUNTIME140.dll
0x00007fff46180000 - 0x00007fff4632d000 	C:\Windows\System32\USER32.dll
0x00007fff25ca0000 - 0x00007fff25f2e000 	C:\Windows\WinSxS\amd64_microsoft.windows.common-controls_6595b64144ccf1df_6.0.22621.608_none_a9444ca7c10bb01d\COMCTL32.dll
0x00007fff43f30000 - 0x00007fff43f56000 	C:\Windows\System32\win32u.dll
0x00007fff46980000 - 0x00007fff46a27000 	C:\Windows\System32\msvcrt.dll
0x00007fff46150000 - 0x00007fff46179000 	C:\Windows\System32\GDI32.dll
0x00007fff44140000 - 0x00007fff44252000 	C:\Windows\System32\gdi32full.dll
0x00007fff43e90000 - 0x00007fff43f2a000 	C:\Windows\System32\msvcp_win.dll
0x00007fff46330000 - 0x00007fff46362000 	C:\Windows\System32\IMM32.DLL
0x00007fff3f070000 - 0x00007fff3f07c000 	C:\eclipse\plugins\org.eclipse.justj.openjdk.hotspot.jre.full.win32.x86_64_17.0.5.v20221102-0933\jre\bin\vcruntime140_1.dll
0x00007fff291a0000 - 0x00007fff29231000 	C:\eclipse\plugins\org.eclipse.justj.openjdk.hotspot.jre.full.win32.x86_64_17.0.5.v20221102-0933\jre\bin\msvcp140.dll
0x00007ffeb4680000 - 0x00007ffeb52c4000 	C:\eclipse\plugins\org.eclipse.justj.openjdk.hotspot.jre.full.win32.x86_64_17.0.5.v20221102-0933\jre\bin\server\jvm.dll
0x00007fff449b0000 - 0x00007fff44a5e000 	C:\Windows\System32\ADVAPI32.dll
0x00007fff45580000 - 0x00007fff45624000 	C:\Windows\System32\sechost.dll
0x00007fff45fb0000 - 0x00007fff460c5000 	C:\Windows\System32\RPCRT4.dll
0x00007fff3e750000 - 0x00007fff3e75a000 	C:\Windows\SYSTEM32\VERSION.dll
0x00007fff3e3c0000 - 0x00007fff3e3f4000 	C:\Windows\SYSTEM32\WINMM.dll
0x00007fff3f150000 - 0x00007fff3f159000 	C:\Windows\SYSTEM32\WSOCK32.dll
0x00007fff460d0000 - 0x00007fff46141000 	C:\Windows\System32\WS2_32.dll
0x00007fff42f10000 - 0x00007fff42f28000 	C:\Windows\SYSTEM32\kernel.appcore.dll
0x00007fff27560000 - 0x00007fff2756a000 	C:\eclipse\plugins\org.eclipse.justj.openjdk.hotspot.jre.full.win32.x86_64_17.0.5.v20221102-0933\jre\bin\jimage.dll
0x00007fff417c0000 - 0x00007fff419ee000 	C:\Windows\SYSTEM32\DBGHELP.DLL
0x00007fff45b50000 - 0x00007fff45eda000 	C:\Windows\System32\combase.dll
0x00007fff46790000 - 0x00007fff46867000 	C:\Windows\System32\OLEAUT32.dll
0x00007fff3bfe0000 - 0x00007fff3c012000 	C:\Windows\SYSTEM32\dbgcore.DLL
0x00007fff44260000 - 0x00007fff442db000 	C:\Windows\System32\bcryptPrimitives.dll
0x00007fff22d80000 - 0x00007fff22da5000 	C:\eclipse\plugins\org.eclipse.justj.openjdk.hotspot.jre.full.win32.x86_64_17.0.5.v20221102-0933\jre\bin\java.dll
0x00007fff22560000 - 0x00007fff22578000 	C:\eclipse\plugins\org.eclipse.justj.openjdk.hotspot.jre.full.win32.x86_64_17.0.5.v20221102-0933\jre\bin\zip.dll
0x00007fff44c70000 - 0x00007fff4545f000 	C:\Windows\System32\SHELL32.dll
0x00007fff41e60000 - 0x00007fff42728000 	C:\Windows\SYSTEM32\windows.storage.dll
0x00007fff41d20000 - 0x00007fff41e5e000 	C:\Windows\SYSTEM32\wintypes.dll
0x00007fff463d0000 - 0x00007fff464c1000 	C:\Windows\System32\SHCORE.dll
0x00007fff46370000 - 0x00007fff463ce000 	C:\Windows\System32\shlwapi.dll
0x00007fff43dc0000 - 0x00007fff43de1000 	C:\Windows\SYSTEM32\profapi.dll
0x00007fff21a00000 - 0x00007fff21a19000 	C:\eclipse\plugins\org.eclipse.justj.openjdk.hotspot.jre.full.win32.x86_64_17.0.5.v20221102-0933\jre\bin\net.dll
0x00007fff3ff10000 - 0x00007fff4003f000 	C:\Windows\SYSTEM32\WINHTTP.dll
0x00007fff433f0000 - 0x00007fff43459000 	C:\Windows\system32\mswsock.dll
0x00007fff219e0000 - 0x00007fff219f5000 	C:\eclipse\plugins\org.eclipse.justj.openjdk.hotspot.jre.full.win32.x86_64_17.0.5.v20221102-0933\jre\bin\nio.dll
0x0000000069ac0000 - 0x0000000069ae4000 	C:\Users\Snowr\AppData\Local\Temp\jansi-2.4.0-46e785322a5466cb-jansi.dll
0x00007fff270c0000 - 0x00007fff270d0000 	C:\eclipse\plugins\org.eclipse.justj.openjdk.hotspot.jre.full.win32.x86_64_17.0.5.v20221102-0933\jre\bin\verify.dll
0x00007fff429c0000 - 0x00007fff429ed000 	C:\Windows\SYSTEM32\IPHLPAPI.DLL
0x00007fff46560000 - 0x00007fff46569000 	C:\Windows\System32\NSI.dll
0x00007fff3f310000 - 0x00007fff3f329000 	C:\Windows\SYSTEM32\dhcpcsvc6.DLL
0x00007fff3f2f0000 - 0x00007fff3f30f000 	C:\Windows\SYSTEM32\dhcpcsvc.DLL
0x00007fff429f0000 - 0x00007fff42ae2000 	C:\Windows\SYSTEM32\DNSAPI.dll
0x00007fff43710000 - 0x00007fff4372b000 	C:\Windows\SYSTEM32\CRYPTSP.dll
0x00007fff42e80000 - 0x00007fff42eb5000 	C:\Windows\system32\rsaenh.dll
0x00007fff43490000 - 0x00007fff434b8000 	C:\Windows\SYSTEM32\USERENV.dll
0x00007fff43830000 - 0x00007fff43858000 	C:\Windows\SYSTEM32\bcrypt.dll
0x00007fff436f0000 - 0x00007fff436fc000 	C:\Windows\SYSTEM32\CRYPTBASE.dll
0x00007fff3ee00000 - 0x00007fff3ee0a000 	C:\Users\Snowr\AppData\Local\Temp\jansi-2.7.1.Final-93fa3188adb8407f81dad04d08abc8192e4e380d.dll

dbghelp: loaded successfully - version: 4.0.5 - missing functions: none
symbol engine: initialized successfully - sym options: 0x614 - pdb path: .;C:\eclipse\plugins\org.eclipse.justj.openjdk.hotspot.jre.full.win32.x86_64_17.0.5.v20221102-0933\jre\bin;C:\Windows\SYSTEM32;C:\Windows\WinSxS\amd64_microsoft.windows.common-controls_6595b64144ccf1df_6.0.22621.608_none_a9444ca7c10bb01d;C:\eclipse\plugins\org.eclipse.justj.openjdk.hotspot.jre.full.win32.x86_64_17.0.5.v20221102-0933\jre\bin\server;C:\Users\Snowr\AppData\Local\Temp

VM Arguments:
jvm_args: -Dmaven.home=EMBEDDED -Dclassworlds.conf=C:\temp\ws-eclipse\.metadata\.plugins\org.eclipse.m2e.launching\launches\m2conf756646159928030505.tmp -Dmaven.multiModuleProjectDirectory=C:\Users\Snowr\desafio-back -Dm2e.build.project.data.socket.port=57066 -Dfile.encoding=UTF-8 -XX:+ShowCodeDetailsInExceptionMessages 
java_command: org.codehaus.plexus.classworlds.launcher.Launcher -B -Dstyle.color=always compile quarkus:dev
java_class_path (initial): C:\eclipse\plugins\org.eclipse.m2e.maven.runtime_3.8.604.20221130-2149\jars\plexus-classworlds-2.6.0.jar
Launcher Type: SUN_STANDARD

[Global flags]
     intx CICompilerCount                          = 4                                         {product} {ergonomic}
     uint ConcGCThreads                            = 2                                         {product} {ergonomic}
     uint G1ConcRefinementThreads                  = 8                                         {product} {ergonomic}
   size_t G1HeapRegionSize                         = 1048576                                   {product} {ergonomic}
    uintx GCDrainStackTargetSize                   = 64                                        {product} {ergonomic}
   size_t InitialHeapSize                          = 132120576                                 {product} {ergonomic}
   size_t MarkStackSize                            = 4194304                                   {product} {ergonomic}
   size_t MaxHeapSize                              = 2090860544                                {product} {ergonomic}
   size_t MaxNewSize                               = 1254096896                                {product} {ergonomic}
   size_t MinHeapDeltaBytes                        = 1048576                                   {product} {ergonomic}
   size_t MinHeapSize                              = 8388608                                   {product} {ergonomic}
    uintx NonNMethodCodeHeapSize                   = 5839372                                {pd product} {ergonomic}
    uintx NonProfiledCodeHeapSize                  = 122909434                              {pd product} {ergonomic}
    uintx ProfiledCodeHeapSize                     = 122909434                              {pd product} {ergonomic}
    uintx ReservedCodeCacheSize                    = 251658240                              {pd product} {ergonomic}
     bool SegmentedCodeCache                       = true                                      {product} {ergonomic}
     bool ShowCodeDetailsInExceptionMessages       = true                                   {manageable} {command line}
   size_t SoftMaxHeapSize                          = 2090860544                             {manageable} {ergonomic}
     bool UseCompressedClassPointers               = true                           {product lp64_product} {ergonomic}
     bool UseCompressedOops                        = true                           {product lp64_product} {ergonomic}
     bool UseG1GC                                  = true                                      {product} {ergonomic}
     bool UseLargePagesIndividualAllocation        = false                                  {pd product} {ergonomic}

Logging:
Log output configuration:
 #0: stdout all=warning uptime,level,tags
 #1: stderr all=off uptime,level,tags

Environment Variables:
JAVA_HOME=C:\Program Files\Java\jdk-15.0.2
PATH=C:/eclipse//plugins/org.eclipse.justj.openjdk.hotspot.jre.full.win32.x86_64_17.0.5.v20221102-0933/jre/bin/server;C:/eclipse//plugins/org.eclipse.justj.openjdk.hotspot.jre.full.win32.x86_64_17.0.5.v20221102-0933/jre/bin;C:\Program Files\Java\zulu17.40.19-ca-jdk17.0.6-win_x64\bin;C:\Program Files\Common Files\Oracle\Java\javapath;C:\Windows\system32;C:\Windows;C:\Windows\System32\Wbem;C:\Windows\System32\WindowsPowerShell\v1.0\;C:\Windows\System32\OpenSSH\;C:\Program Files\nodejs\;C:\Program Files\NVIDIA Corporation\NVIDIA NvDLISR;C:\Program Files (x86)\NVIDIA Corporation\PhysX\Common;C:\Program Files\Git\cmd;C:\Program Files\MySQL\MySQL Server 8.0\bin;C:\Users\Snowr\AppData\Local\Microsoft\WindowsApps;C:\Users\Snowr\AppData\Local\Programs\Microsoft VS Code\bin;C:\Users\Snowr\AppData\Roaming\npm;C:\flutter\bin;C:\apache-maven-3.9.0\bin;;C:\eclipse;
USERNAME=Lenovo
OS=Windows_NT
PROCESSOR_IDENTIFIER=Intel64 Family 6 Model 140 Stepping 1, GenuineIntel
TMP=C:\Users\Snowr\AppData\Local\Temp
TEMP=C:\Users\Snowr\AppData\Local\Temp



---------------  S Y S T E M  ---------------

OS:
 Windows 11 , 64 bit Build 22621 (10.0.22621.1105)
OS uptime: 1 days 20:42 hours
Hyper-V role detected

CPU: total 8 (initial active 8) (4 cores per cpu, 2 threads per core) family 6 model 140 stepping 1 microcode 0xa4, cx8, cmov, fxsr, ht, mmx, 3dnowpref, sse, sse2, sse3, ssse3, sse4.1, sse4.2, popcnt, lzcnt, tsc, tscinvbit, avx, avx2, aes, erms, clmul, bmi1, bmi2, adx, avx512f, avx512dq, avx512cd, avx512bw, avx512vl, sha, fma, vzeroupper, avx512_vpopcntdq, avx512_vpclmulqdq, avx512_vaes, avx512_vnni, clflush, clflushopt, clwb, avx512_vbmi2, avx512_vbmi, hv

Memory: 4k page, system-wide physical 7975M (327M free)
TotalPageFile size 32528M (AvailPageFile size 243M)
current process WorkingSet (physical memory assigned to process): 431M, peak: 436M
current process commit charge ("private bytes"): 465M, peak: 827M

vm_info: OpenJDK 64-Bit Server VM (17.0.5+8) for windows-amd64 JRE (17.0.5+8), built on Oct 19 2022 04:48:13 by "temurin" with MS VC++ 16.7 (VS2019)

END.
